2026-03-30 13:19:10,833 [INFO] ======================================================
2026-03-30 13:19:10,834 [INFO]   🚀 1ms 高频轮询驱动服务 - DAQ加速版
2026-03-30 13:19:10,834 [INFO] ======================================================
2026-03-30 13:19:10,835 [INFO] [内核提速] 已成功将 Windows 线程调度精度提至 1 毫秒！
2026-03-30 13:19:10,861 [INFO] [驱动加载] 滑台 DLL 驱动与内存指针映射成功。
2026-03-30 13:19:10,863 [INFO] 🔌 多线程 XML-RPC 服务已在 8000 端口启动。
2026-03-30 13:19:10,863 [INFO] ------------------------------------------------------
2026-03-30 16:27:13,173 [INFO] ======================================================
2026-03-30 16:27:13,174 [INFO]   🚀 1ms 高频轮询驱动服务 - DAQ加速版
2026-03-30 16:27:13,175 [INFO] ======================================================
2026-03-30 16:27:13,176 [INFO] [内核提速] 已成功将 Windows 线程调度精度提至 1 毫秒！
2026-03-30 16:27:13,249 [INFO] [驱动加载] 滑台 DLL 驱动与内存指针映射成功。
2026-03-30 16:27:13,251 [INFO] 🔌 多线程 XML-RPC 服务已在 8000 端口启动。
2026-03-30 16:27:13,251 [INFO] ------------------------------------------------------
2026-03-30 16:27:23,273 [INFO] ======================================================
2026-03-30 16:27:23,273 [INFO]   🚀 1ms 高频轮询驱动服务 - DAQ加速版
2026-03-30 16:27:23,273 [INFO] ======================================================
2026-03-30 16:27:23,274 [INFO] [内核提速] 已成功将 Windows 线程调度精度提至 1 毫秒！
2026-03-30 16:27:23,336 [INFO] [驱动加载] 滑台 DLL 驱动与内存指针映射成功。
2026-03-30 16:27:23,338 [INFO] 🔌 多线程 XML-RPC 服务已在 8000 端口启动。
2026-03-30 16:27:23,338 [INFO] ------------------------------------------------------
2026-03-30 16:28:39,104 [INFO] ======================================================
2026-03-30 16:28:39,105 [INFO]   🚀 1ms 高频轮询驱动服务 - DAQ加速版
2026-03-30 16:28:39,105 [INFO] ======================================================
2026-03-30 16:28:39,106 [INFO] [内核提速] 已成功将 Windows 线程调度精度提至 1 毫秒！
2026-03-30 16:28:39,167 [INFO] [驱动加载] 滑台 DLL 驱动与内存指针映射成功。
2026-03-30 16:28:39,170 [INFO] 🔌 多线程 XML-RPC 服务已在 8000 端口启动。
2026-03-30 16:28:39,170 [INFO] ------------------------------------------------------
2026-03-30 16:34:41,251 [WARNING] 急停锁死驱动器！
2026-03-30 16:34:52,019 [INFO] ======================================================
2026-03-30 16:34:52,019 [INFO]   🚀 1ms 高频轮询驱动服务 - DAQ加速版
2026-03-30 16:34:52,019 [INFO] ======================================================
2026-03-30 16:34:52,021 [INFO] [内核提速] 已成功将 Windows 线程调度精度提至 1 毫秒！
2026-03-30 16:34:52,087 [INFO] [驱动加载] 滑台 DLL 驱动与内存指针映射成功。
2026-03-30 16:34:52,089 [INFO] 🔌 多线程 XML-RPC 服务已在 8000 端口启动。
2026-03-30 16:34:52,089 [INFO] ------------------------------------------------------
2026-03-30 16:35:10,126 [WARNING] 急停锁死驱动器！
2026-03-30 16:38:10,964 [INFO] ======================================================
2026-03-30 16:38:10,964 [INFO]   🚀 1ms 高频轮询驱动服务 - DAQ加速版
2026-03-30 16:38:10,965 [INFO] ======================================================
2026-03-30 16:38:10,965 [INFO] [内核提速] 已成功将 Windows 线程调度精度提至 1 毫秒！
2026-03-30 16:38:11,028 [INFO] [驱动加载] 滑台 DLL 驱动与内存指针映射成功。
2026-03-30 16:38:11,029 [INFO] 🔌 多线程 XML-RPC 服务已在 8000 端口启动。
2026-03-30 16:38:11,029 [INFO] ------------------------------------------------------
2026-03-30 16:39:11,872 [WARNING] 急停锁死驱动器！
2026-03-30 16:50:59,628 [INFO] ======================================================
2026-03-30 16:50:59,628 [INFO]   🚀 1ms 高频轮询驱动服务 - DAQ加速版
2026-03-30 16:50:59,629 [INFO] ======================================================
2026-03-30 16:50:59,630 [INFO] [内核提速] 已成功将 Windows 线程调度精度提至 1 毫秒！
2026-03-30 16:50:59,690 [INFO] [驱动加载] 滑台 DLL 驱动与内存指针映射成功。
2026-03-30 16:50:59,691 [INFO] 🔌 多线程 XML-RPC 服务已在 8000 端口启动。
2026-03-30 16:50:59,691 [INFO] ------------------------------------------------------
2026-03-30 16:59:43,372 [INFO] ======================================================
2026-03-30 16:59:43,372 [INFO]   🚀 1ms 高频轮询驱动服务 - DAQ加速版
2026-03-30 16:59:43,372 [INFO] ======================================================
2026-03-30 16:59:43,373 [INFO] [内核提速] 已成功将 Windows 线程调度精度提至 1 毫秒！
2026-03-30 16:59:43,397 [INFO] [驱动加载] 滑台 DLL 驱动与内存指针映射成功。
2026-03-30 16:59:43,398 [INFO] 🔌 多线程 XML-RPC 服务已在 8000 端口启动。
2026-03-30 16:59:43,399 [INFO] ------------------------------------------------------
2026-03-30 17:01:17,835 [INFO] ======================================================
2026-03-30 17:01:17,835 [INFO]   🚀 1ms 高频轮询驱动服务 - DAQ加速版
2026-03-30 17:01:17,835 [INFO] ======================================================
2026-03-30 17:01:17,836 [INFO] [内核提速] 已成功将 Windows 线程调度精度提至 1 毫秒！
2026-03-30 17:01:17,861 [INFO] [驱动加载] 滑台 DLL 驱动与内存指针映射成功。
2026-03-30 17:01:17,863 [INFO] 🔌 多线程 XML-RPC 服务已在 8000 端口启动。
2026-03-30 17:01:17,863 [INFO] ------------------------------------------------------
2026-03-30 17:02:26,860 [INFO] ======================================================
2026-03-30 17:02:26,877 [INFO]   🚀 1ms 高频轮询驱动服务 - DAQ加速版
2026-03-30 17:02:26,878 [INFO] ======================================================
2026-03-30 17:02:26,879 [INFO] [内核提速] 已成功将 Windows 线程调度精度提至 1 毫秒！
2026-03-30 17:02:26,903 [INFO] [驱动加载] 滑台 DLL 驱动与内存指针映射成功。
2026-03-30 17:02:26,904 [INFO] 🔌 多线程 XML-RPC 服务已在 8000 端口启动。
2026-03-30 17:02:26,904 [INFO] ------------------------------------------------------
2026-03-30 17:04:24,917 [INFO] ======================================================
2026-03-30 17:04:24,917 [INFO]   🚀 1ms 高频轮询驱动服务 - DAQ加速版
2026-03-30 17:04:24,918 [INFO] ======================================================
2026-03-30 17:04:24,919 [INFO] [内核提速] 已成功将 Windows 线程调度精度提至 1 毫秒！
2026-03-30 17:04:24,943 [INFO] [驱动加载] 滑台 DLL 驱动与内存指针映射成功。
2026-03-30 17:04:24,945 [INFO] 🔌 多线程 XML-RPC 服务已在 8000 端口启动。
2026-03-30 17:04:24,945 [INFO] ------------------------------------------------------
2026-03-30 17:05:39,701 [INFO] ======================================================
2026-03-30 17:05:39,701 [INFO]   🚀 1ms 高频轮询驱动服务 - DAQ加速版
2026-03-30 17:05:39,701 [INFO] ======================================================
2026-03-30 17:05:39,703 [INFO] [内核提速] 已成功将 Windows 线程调度精度提至 1 毫秒！
2026-03-30 17:05:39,726 [INFO] [驱动加载] 滑台 DLL 驱动与内存指针映射成功。
2026-03-30 17:05:39,728 [INFO] 🔌 多线程 XML-RPC 服务已在 8000 端口启动。
2026-03-30 17:05:39,728 [INFO] ------------------------------------------------------
2026-03-30 17:09:45,021 [INFO] ======================================================
2026-03-30 17:09:45,021 [INFO]   🚀 1ms 高频轮询驱动服务 - DAQ加速版
2026-03-30 17:09:45,022 [INFO] ======================================================
2026-03-30 17:09:45,023 [INFO] [内核提速] 已成功将 Windows 线程调度精度提至 1 毫秒！
2026-03-30 17:09:45,047 [INFO] [驱动加载] 滑台 DLL 驱动与内存指针映射成功。
2026-03-30 17:09:45,049 [INFO] 🔌 多线程 XML-RPC 服务已在 8000 端口启动。
2026-03-30 17:09:45,049 [INFO] ------------------------------------------------------
2026-03-30 17:19:45,977 [INFO] ======================================================
2026-03-30 17:19:45,977 [INFO]   🚀 1ms 高频轮询驱动服务 - DAQ加速版
2026-03-30 17:19:45,977 [INFO] ======================================================
2026-03-30 17:19:45,979 [INFO] [内核提速] 已成功将 Windows 线程调度精度提至 1 毫秒！
2026-03-30 17:19:46,003 [INFO] [驱动加载] 滑台 DLL 驱动与内存指针映射成功。
2026-03-30 17:19:46,005 [INFO] 🔌 多线程 XML-RPC 服务已在 8000 端口启动。
2026-03-30 17:19:46,005 [INFO] ------------------------------------------------------
2026-03-30 17:21:15,257 [INFO] ======================================================
2026-03-30 17:21:15,258 [INFO]   🚀 1ms 高频轮询驱动服务 - DAQ加速版
2026-03-30 17:21:15,258 [INFO] ======================================================
2026-03-30 17:21:15,259 [INFO] [内核提速] 已成功将 Windows 线程调度精度提至 1 毫秒！
2026-03-30 17:21:15,320 [INFO] [驱动加载] 滑台 DLL 驱动与内存指针映射成功。
2026-03-30 17:21:15,321 [INFO] 🔌 多线程 XML-RPC 服务已在 8000 端口启动。
2026-03-30 17:21:15,321 [INFO] ------------------------------------------------------
2026-03-30 17:22:58,850 [INFO] ======================================================
2026-03-30 17:22:58,850 [INFO]   🚀 1ms 高频轮询驱动服务 - DAQ加速版
2026-03-30 17:22:58,851 [INFO] ======================================================
2026-03-30 17:22:58,852 [INFO] [内核提速] 已成功将 Windows 线程调度精度提至 1 毫秒！
2026-03-30 17:22:58,912 [INFO] [驱动加载] 滑台 DLL 驱动与内存指针映射成功。
2026-03-30 17:22:58,913 [INFO] 🔌 多线程 XML-RPC 服务已在 8000 端口启动。
2026-03-30 17:22:58,913 [INFO] ------------------------------------------------------
2026-03-30 17:23:09,394 [WARNING] 急停锁死驱动器！
2026-03-30 17:30:52,313 [INFO] 机械位置已设为绝对空间原点 (0,0,0)
2026-03-30 17:34:22,666 [INFO] ======================================================
2026-03-30 17:34:22,667 [INFO]   🚀 1ms 高频轮询驱动服务 - DAQ加速版
2026-03-30 17:34:22,667 [INFO] ======================================================
2026-03-30 17:34:22,668 [INFO] [内核提速] 已成功将 Windows 线程调度精度提至 1 毫秒！
2026-03-30 17:34:22,729 [INFO] [驱动加载] 滑台 DLL 驱动与内存指针映射成功。
2026-03-30 17:34:22,731 [INFO] 🔌 多线程 XML-RPC 服务已在 8000 端口启动。
2026-03-30 17:34:22,731 [INFO] ------------------------------------------------------
2026-03-30 17:40:13,300 [WARNING] 急停锁死驱动器！
2026-03-30 17:40:59,439 [WARNING] 急停锁死驱动器！
2026-03-30 17:41:23,379 [INFO] 机械位置已设为绝对空间原点 (0,0,0)
2026-03-30 17:41:54,968 [WARNING] 急停锁死驱动器！
2026-03-30 17:42:14,119 [INFO] ======================================================
2026-03-30 17:42:14,120 [INFO]   🚀 1ms 高频轮询驱动服务 - DAQ加速版
2026-03-30 17:42:14,120 [INFO] ======================================================
2026-03-30 17:42:14,121 [INFO] [内核提速] 已成功将 Windows 线程调度精度提至 1 毫秒！
2026-03-30 17:42:14,182 [INFO] [驱动加载] 滑台 DLL 驱动与内存指针映射成功。
2026-03-30 17:42:14,184 [INFO] 🔌 多线程 XML-RPC 服务已在 8000 端口启动。
2026-03-30 17:42:14,184 [INFO] ------------------------------------------------------
2026-03-30 17:42:35,466 [WARNING] 急停锁死驱动器！
2026-03-30 17:44:25,678 [WARNING] 急停锁死驱动器！
2026-03-30 18:39:14,887 [WARNING] 急停锁死驱动器！
2026-03-30 18:39:25,373 [INFO] ======================================================
2026-03-30 18:39:25,373 [INFO]   🚀 1ms 高频轮询驱动服务 - DAQ加速版
2026-03-30 18:39:25,374 [INFO] ======================================================
2026-03-30 18:39:25,375 [INFO] [内核提速] 已成功将 Windows 线程调度精度提至 1 毫秒！
2026-03-30 18:39:25,435 [INFO] [驱动加载] 滑台 DLL 驱动与内存指针映射成功。
2026-03-30 18:39:25,436 [INFO] 🔌 多线程 XML-RPC 服务已在 8000 端口启动。
2026-03-30 18:39:25,436 [INFO] ------------------------------------------------------
2026-03-30 20:22:33,088 [INFO] ======================================================
2026-03-30 20:22:33,088 [INFO]   🚀 1ms 高频轮询驱动服务 - DAQ加速版
2026-03-30 20:22:33,088 [INFO] ======================================================
2026-03-30 20:22:33,090 [INFO] [内核提速] 已成功将 Windows 线程调度精度提至 1 毫秒！
2026-03-30 20:22:33,193 [INFO] [驱动加载] 滑台 DLL 驱动与内存指针映射成功。
2026-03-30 20:22:33,195 [INFO] 🔌 多线程 XML-RPC 服务已在 8000 端口启动。
2026-03-30 20:22:33,195 [INFO] ------------------------------------------------------
2026-03-30 20:54:07,356 [WARNING] 急停锁死驱动器！
2026-03-30 21:02:00,433 [WARNING] 急停锁死驱动器！
2026-03-30 21:02:59,911 [INFO] 机械位置已设为绝对空间原点 (0,0,0)
2026-03-30 21:03:52,271 [WARNING] 急停锁死驱动器！
2026-03-30 21:08:26,334 [WARNING] 急停锁死驱动器！
2026-03-30 21:09:56,870 [WARNING] 急停锁死驱动器！
2026-03-30 21:10:05,475 [INFO] 机械位置已设为绝对空间原点 (0,0,0)
2026-03-31 08:30:53,121 [INFO] ======================================================
2026-03-31 08:30:53,121 [INFO]   🚀 1ms 高频轮询驱动服务 - DAQ加速版
2026-03-31 08:30:53,122 [INFO] ======================================================
2026-03-31 08:30:53,122 [INFO] [内核提速] 已成功将 Windows 线程调度精度提至 1 毫秒！
2026-03-31 08:30:53,185 [INFO] [驱动加载] 滑台 DLL 驱动与内存指针映射成功。
2026-03-31 08:30:53,186 [INFO] 🔌 多线程 XML-RPC 服务已在 8000 端口启动。
2026-03-31 08:30:53,186 [INFO] ------------------------------------------------------
2026-03-31 08:31:29,555 [WARNING] 急停锁死驱动器！
2026-03-31 08:31:35,250 [INFO] 机械位置已设为绝对空间原点 (0,0,0)
2026-03-31 08:32:02,940 [WARNING] 急停锁死驱动器！
2026-03-31 08:33:02,237 [WARNING] 急停锁死驱动器！
2026-03-31 09:18:46,954 [INFO] ======================================================
2026-03-31 09:18:46,955 [INFO]   🚀 1ms 高频轮询驱动服务 - DAQ加速版
2026-03-31 09:18:46,955 [INFO] ======================================================
2026-03-31 09:18:46,956 [INFO] [内核提速] 已成功将 Windows 线程调度精度提至 1 毫秒！
2026-03-31 09:18:47,018 [INFO] [驱动加载] 滑台 DLL 驱动与内存指针映射成功。
2026-03-31 09:18:47,020 [INFO] 🔌 多线程 XML-RPC 服务已在 8000 端口启动。
2026-03-31 09:18:47,020 [INFO] ------------------------------------------------------
2026-03-31 10:43:01,339 [INFO] ======================================================
2026-03-31 10:43:01,340 [INFO]   🚀 1ms 高频轮询驱动服务 - DAQ加速版
2026-03-31 10:43:01,340 [INFO] ======================================================
2026-03-31 10:43:01,343 [INFO] [内核提速] 已成功将 Windows 线程调度精度提至 1 毫秒！
2026-03-31 10:43:01,368 [INFO] [驱动加载] 滑台 DLL 驱动与内存指针映射成功。
2026-03-31 10:43:01,370 [INFO] 🔌 多线程 XML-RPC 服务已在 8000 端口启动。
2026-03-31 10:43:01,371 [INFO] ------------------------------------------------------
2026-03-31 10:43:10,775 [ERROR] [DAQ 采集故障] Device cannot be accessed.  Possible causes:
Device is no longer present in the system.
Device is not powered.
Device is powered, but was temporarily without power.
Device and/or chassis driver support may have been removed.
Device is damaged.
Ensure the device is properly connected and turned on. Ensure the device and/or chassis is supported in the current version of the driver. Check the device's status in NI MAX. Turn the computer off and on again. If you suspect that the device is damaged, contact National Instruments at ni.com/support.

Device Specified: Dev1

Task Name: _unnamedTask<0>

Status Code: -201003
2026-03-31 10:43:11,430 [ERROR] [DAQ 采集故障] Device cannot be accessed.  Possible causes:
Device is no longer present in the system.
Device is not powered.
Device is powered, but was temporarily without power.
Device and/or chassis driver support may have been removed.
Device is damaged.
Ensure the device is properly connected and turned on. Ensure the device and/or chassis is supported in the current version of the driver. Check the device's status in NI MAX. Turn the computer off and on again. If you suspect that the device is damaged, contact National Instruments at ni.com/support.

Device Specified: Dev1

Task Name: _unnamedTask<1>

Status Code: -201003
2026-03-31 10:43:48,425 [INFO] ======================================================
2026-03-31 10:43:48,426 [INFO]   🚀 1ms 高频轮询驱动服务 - DAQ加速版
2026-03-31 10:43:48,426 [INFO] ======================================================
2026-03-31 10:43:48,428 [INFO] [内核提速] 已成功将 Windows 线程调度精度提至 1 毫秒！
2026-03-31 10:43:48,494 [INFO] [驱动加载] 滑台 DLL 驱动与内存指针映射成功。
2026-03-31 10:43:48,496 [INFO] 🔌 多线程 XML-RPC 服务已在 8000 端口启动。
2026-03-31 10:43:48,497 [INFO] ------------------------------------------------------
2026-03-31 10:44:09,253 [ERROR] [DAQ 采集故障] Device cannot be accessed.  Possible causes:
Device is no longer present in the system.
Device is not powered.
Device is powered, but was temporarily without power.
Device and/or chassis driver support may have been removed.
Device is damaged.
Ensure the device is properly connected and turned on. Ensure the device and/or chassis is supported in the current version of the driver. Check the device's status in NI MAX. Turn the computer off and on again. If you suspect that the device is damaged, contact National Instruments at ni.com/support.

Device Specified: Dev1

Task Name: _unnamedTask<0>

Status Code: -201003
2026-03-31 10:44:10,051 [ERROR] [DAQ 采集故障] Device cannot be accessed.  Possible causes:
Device is no longer present in the system.
Device is not powered.
Device is powered, but was temporarily without power.
Device and/or chassis driver support may have been removed.
Device is damaged.
Ensure the device is properly connected and turned on. Ensure the device and/or chassis is supported in the current version of the driver. Check the device's status in NI MAX. Turn the computer off and on again. If you suspect that the device is damaged, contact National Instruments at ni.com/support.

Device Specified: Dev1

Task Name: _unnamedTask<1>

Status Code: -201003
2026-03-31 10:44:16,898 [INFO] ======================================================
2026-03-31 10:44:16,899 [INFO]   🚀 1ms 高频轮询驱动服务 - DAQ加速版
2026-03-31 10:44:16,899 [INFO] ======================================================
2026-03-31 10:44:16,900 [INFO] [内核提速] 已成功将 Windows 线程调度精度提至 1 毫秒！
2026-03-31 10:44:16,969 [INFO] [驱动加载] 滑台 DLL 驱动与内存指针映射成功。
2026-03-31 10:44:16,972 [INFO] 🔌 多线程 XML-RPC 服务已在 8000 端口启动。
2026-03-31 10:44:16,973 [INFO] ------------------------------------------------------
2026-03-31 10:44:24,530 [ERROR] [DAQ 采集故障] Device cannot be accessed.  Possible causes:
Device is no longer present in the system.
Device is not powered.
Device is powered, but was temporarily without power.
Device and/or chassis driver support may have been removed.
Device is damaged.
Ensure the device is properly connected and turned on. Ensure the device and/or chassis is supported in the current version of the driver. Check the device's status in NI MAX. Turn the computer off and on again. If you suspect that the device is damaged, contact National Instruments at ni.com/support.

Device Specified: Dev1

Task Name: _unnamedTask<0>

Status Code: -201003
2026-03-31 10:44:25,336 [ERROR] [DAQ 采集故障] Device cannot be accessed.  Possible causes:
Device is no longer present in the system.
Device is not powered.
Device is powered, but was temporarily without power.
Device and/or chassis driver support may have been removed.
Device is damaged.
Ensure the device is properly connected and turned on. Ensure the device and/or chassis is supported in the current version of the driver. Check the device's status in NI MAX. Turn the computer off and on again. If you suspect that the device is damaged, contact National Instruments at ni.com/support.

Device Specified: Dev1

Task Name: _unnamedTask<1>

Status Code: -201003
2026-03-31 10:44:39,340 [INFO] ======================================================
2026-03-31 10:44:39,340 [INFO]   🚀 1ms 高频轮询驱动服务 - DAQ加速版
2026-03-31 10:44:39,341 [INFO] ======================================================
2026-03-31 10:44:39,344 [INFO] [内核提速] 已成功将 Windows 线程调度精度提至 1 毫秒！
2026-03-31 10:44:39,375 [INFO] [驱动加载] 滑台 DLL 驱动与内存指针映射成功。
2026-03-31 10:44:39,379 [INFO] 🔌 多线程 XML-RPC 服务已在 8000 端口启动。
2026-03-31 10:44:39,380 [INFO] ------------------------------------------------------
2026-03-31 10:44:47,715 [ERROR] [DAQ 采集故障] Device cannot be accessed.  Possible causes:
Device is no longer present in the system.
Device is not powered.
Device is powered, but was temporarily without power.
Device and/or chassis driver support may have been removed.
Device is damaged.
Ensure the device is properly connected and turned on. Ensure the device and/or chassis is supported in the current version of the driver. Check the device's status in NI MAX. Turn the computer off and on again. If you suspect that the device is damaged, contact National Instruments at ni.com/support.

Device Specified: Dev1

Task Name: _unnamedTask<0>

Status Code: -201003
2026-03-31 10:44:48,514 [ERROR] [DAQ 采集故障] Device cannot be accessed.  Possible causes:
Device is no longer present in the system.
Device is not powered.
Device is powered, but was temporarily without power.
Device and/or chassis driver support may have been removed.
Device is damaged.
Ensure the device is properly connected and turned on. Ensure the device and/or chassis is supported in the current version of the driver. Check the device's status in NI MAX. Turn the computer off and on again. If you suspect that the device is damaged, contact National Instruments at ni.com/support.

Device Specified: Dev1

Task Name: _unnamedTask<1>

Status Code: -201003
2026-03-31 10:45:40,904 [INFO] ======================================================
2026-03-31 10:45:40,904 [INFO]   🚀 1ms 高频轮询驱动服务 - DAQ加速版
2026-03-31 10:45:40,905 [INFO] ======================================================
2026-03-31 10:45:40,906 [INFO] [内核提速] 已成功将 Windows 线程调度精度提至 1 毫秒！
2026-03-31 10:45:40,974 [INFO] [驱动加载] 滑台 DLL 驱动与内存指针映射成功。
2026-03-31 10:45:40,976 [INFO] 🔌 多线程 XML-RPC 服务已在 8000 端口启动。
2026-03-31 10:45:40,977 [INFO] ------------------------------------------------------
2026-03-31 10:45:46,648 [ERROR] [DAQ 采集故障] Device cannot be accessed.  Possible causes:
Device is no longer present in the system.
Device is not powered.
Device is powered, but was temporarily without power.
Device and/or chassis driver support may have been removed.
Device is damaged.
Ensure the device is properly connected and turned on. Ensure the device and/or chassis is supported in the current version of the driver. Check the device's status in NI MAX. Turn the computer off and on again. If you suspect that the device is damaged, contact National Instruments at ni.com/support.

Device Specified: Dev1

Task Name: _unnamedTask<0>

Status Code: -201003
2026-03-31 10:45:47,472 [ERROR] [DAQ 采集故障] Device cannot be accessed.  Possible causes:
Device is no longer present in the system.
Device is not powered.
Device is powered, but was temporarily without power.
Device and/or chassis driver support may have been removed.
Device is damaged.
Ensure the device is properly connected and turned on. Ensure the device and/or chassis is supported in the current version of the driver. Check the device's status in NI MAX. Turn the computer off and on again. If you suspect that the device is damaged, contact National Instruments at ni.com/support.

Device Specified: Dev1

Task Name: _unnamedTask<1>

Status Code: -201003
2026-03-31 10:47:12,367 [INFO] ======================================================
2026-03-31 10:47:12,368 [INFO]   🚀 1ms 高频轮询驱动服务 - DAQ加速版
2026-03-31 10:47:12,368 [INFO] ======================================================
2026-03-31 10:47:12,369 [INFO] [内核提速] 已成功将 Windows 线程调度精度提至 1 毫秒！
2026-03-31 10:47:12,435 [INFO] [驱动加载] 滑台 DLL 驱动与内存指针映射成功。
2026-03-31 10:47:12,438 [INFO] 🔌 多线程 XML-RPC 服务已在 8000 端口启动。
2026-03-31 10:47:12,438 [INFO] ------------------------------------------------------
2026-03-31 10:47:22,314 [WARNING] 急停锁死驱动器！
2026-03-31 10:56:13,787 [WARNING] 急停锁死驱动器！
2026-03-31 10:56:35,784 [INFO] 机械位置已设为绝对空间原点 (0,0,0)
2026-03-31 10:57:57,366 [WARNING] 急停锁死驱动器！
2026-03-31 11:42:38,627 [INFO] ======================================================
2026-03-31 11:42:38,628 [INFO]   🚀 1ms 高频轮询驱动服务 - DAQ加速版
2026-03-31 11:42:38,628 [INFO] ======================================================
2026-03-31 11:42:38,629 [INFO] [内核提速] 已成功将 Windows 线程调度精度提至 1 毫秒！
2026-03-31 11:42:38,700 [INFO] [驱动加载] 滑台 DLL 驱动与内存指针映射成功。
2026-03-31 11:42:38,702 [INFO] 🔌 多线程 XML-RPC 服务已在 8000 端口启动。
2026-03-31 11:42:38,702 [INFO] ------------------------------------------------------
2026-03-31 11:42:59,599 [INFO] 机械位置已设为绝对空间原点 (0,0,0)
2026-03-31 11:49:59,808 [WARNING] 急停锁死驱动器！
2026-03-31 12:21:23,968 [INFO] ======================================================
2026-03-31 12:21:23,968 [INFO]   🚀 1ms 高频轮询驱动服务 - DAQ加速版
2026-03-31 12:21:23,969 [INFO] ======================================================
2026-03-31 12:21:23,971 [INFO] [内核提速] 已成功将 Windows 线程调度精度提至 1 毫秒！
2026-03-31 12:21:23,993 [INFO] [驱动加载] 滑台 DLL 驱动与内存指针映射成功。
2026-03-31 12:21:23,995 [INFO] 🔌 多线程 XML-RPC 服务已在 8000 端口启动。
2026-03-31 12:21:23,996 [INFO] ------------------------------------------------------
2026-03-31 12:21:28,799 [INFO] ======================================================
2026-03-31 12:21:28,800 [INFO]   🚀 1ms 高频轮询驱动服务 - DAQ加速版
2026-03-31 12:21:28,800 [INFO] ======================================================
2026-03-31 12:21:28,802 [INFO] [内核提速] 已成功将 Windows 线程调度精度提至 1 毫秒！
2026-03-31 12:21:28,822 [INFO] [驱动加载] 滑台 DLL 驱动与内存指针映射成功。
2026-03-31 12:21:28,824 [INFO] 🔌 多线程 XML-RPC 服务已在 8000 端口启动。
2026-03-31 12:21:28,824 [INFO] ------------------------------------------------------
2026-03-31 12:25:31,736 [INFO] ======================================================
2026-03-31 12:25:31,740 [INFO]   🚀 1ms 高频轮询驱动服务 - DAQ加速版
2026-03-31 12:25:31,741 [INFO] ======================================================
2026-03-31 12:25:31,742 [INFO] [内核提速] 已成功将 Windows 线程调度精度提至 1 毫秒！
2026-03-31 12:25:31,759 [INFO] [驱动加载] 滑台 DLL 驱动与内存指针映射成功。
2026-03-31 12:25:31,761 [INFO] 🔌 多线程 XML-RPC 服务已在 8000 端口启动。
2026-03-31 12:25:31,761 [INFO] ------------------------------------------------------
2026-03-31 12:27:33,783 [INFO] ======================================================
2026-03-31 12:27:33,784 [INFO]   🚀 1ms 高频轮询驱动服务 - DAQ加速版
2026-03-31 12:27:33,784 [INFO] ======================================================
2026-03-31 12:27:33,785 [INFO] [内核提速] 已成功将 Windows 线程调度精度提至 1 毫秒！
2026-03-31 12:27:33,809 [INFO] [驱动加载] 滑台 DLL 驱动与内存指针映射成功。
2026-03-31 12:27:33,811 [INFO] 🔌 多线程 XML-RPC 服务已在 8000 端口启动。
2026-03-31 12:27:33,812 [INFO] ------------------------------------------------------
2026-03-31 12:30:30,357 [INFO] ======================================================
2026-03-31 12:30:30,357 [INFO]   🚀 1ms 高频轮询驱动服务 - DAQ加速版
2026-03-31 12:30:30,358 [INFO] ======================================================
2026-03-31 12:30:30,359 [INFO] [内核提速] 已成功将 Windows 线程调度精度提至 1 毫秒！
2026-03-31 12:30:30,381 [INFO] [驱动加载] 滑台 DLL 驱动与内存指针映射成功。
2026-03-31 12:30:30,384 [INFO] 🔌 多线程 XML-RPC 服务已在 8000 端口启动。
2026-03-31 12:30:30,384 [INFO] ------------------------------------------------------
2026-03-31 12:30:47,561 [ERROR] [DAQ 采集故障] Device cannot be accessed.  Possible causes:
Device is no longer present in the system.
Device is not powered.
Device is powered, but was temporarily without power.
Device and/or chassis driver support may have been removed.
Device is damaged.
Ensure the device is properly connected and turned on. Ensure the device and/or chassis is supported in the current version of the driver. Check the device's status in NI MAX. Turn the computer off and on again. If you suspect that the device is damaged, contact National Instruments at ni.com/support.

Device Specified: Dev1

Task Name: _unnamedTask<0>

Status Code: -201003
2026-03-31 12:30:48,167 [ERROR] [DAQ 采集故障] Device cannot be accessed.  Possible causes:
Device is no longer present in the system.
Device is not powered.
Device is powered, but was temporarily without power.
Device and/or chassis driver support may have been removed.
Device is damaged.
Ensure the device is properly connected and turned on. Ensure the device and/or chassis is supported in the current version of the driver. Check the device's status in NI MAX. Turn the computer off and on again. If you suspect that the device is damaged, contact National Instruments at ni.com/support.

Device Specified: Dev1

Task Name: _unnamedTask<1>

Status Code: -201003
2026-03-31 12:35:34,690 [INFO] ======================================================
2026-03-31 12:35:34,690 [INFO]   🚀 1ms 高频轮询驱动服务 - DAQ加速版
2026-03-31 12:35:34,691 [INFO] ======================================================
2026-03-31 12:35:34,692 [INFO] [内核提速] 已成功将 Windows 线程调度精度提至 1 毫秒！
2026-03-31 12:35:34,711 [INFO] [驱动加载] 滑台 DLL 驱动与内存指针映射成功。
2026-03-31 12:35:34,713 [INFO] 🔌 多线程 XML-RPC 服务已在 8000 端口启动。
2026-03-31 12:35:34,714 [INFO] ------------------------------------------------------
2026-03-31 12:38:08,251 [INFO] ======================================================
2026-03-31 12:38:08,252 [INFO]   🚀 1ms 高频轮询驱动服务 - DAQ加速版
2026-03-31 12:38:08,252 [INFO] ======================================================
2026-03-31 12:38:08,254 [INFO] [内核提速] 已成功将 Windows 线程调度精度提至 1 毫秒！
2026-03-31 12:38:08,273 [INFO] [驱动加载] 滑台 DLL 驱动与内存指针映射成功。
2026-03-31 12:38:08,277 [INFO] 🔌 多线程 XML-RPC 服务已在 8000 端口启动。
2026-03-31 12:38:08,278 [INFO] ------------------------------------------------------
2026-03-31 12:40:45,700 [INFO] ======================================================
2026-03-31 12:40:45,700 [INFO]   🚀 1ms 高频轮询驱动服务 - DAQ加速版
2026-03-31 12:40:45,700 [INFO] ======================================================
2026-03-31 12:40:45,702 [INFO] [内核提速] 已成功将 Windows 线程调度精度提至 1 毫秒！
2026-03-31 12:40:45,724 [INFO] [驱动加载] 滑台 DLL 驱动与内存指针映射成功。
2026-03-31 12:40:45,725 [INFO] 🔌 多线程 XML-RPC 服务已在 8000 端口启动。
2026-03-31 12:40:45,726 [INFO] ------------------------------------------------------
2026-03-31 12:43:41,350 [INFO] ======================================================
2026-03-31 12:43:41,351 [INFO]   🚀 1ms 高频轮询驱动服务 - DAQ加速版
2026-03-31 12:43:41,351 [INFO] ======================================================
2026-03-31 12:43:41,352 [INFO] [内核提速] 已成功将 Windows 线程调度精度提至 1 毫秒！
2026-03-31 12:43:41,370 [INFO] [驱动加载] 滑台 DLL 驱动与内存指针映射成功。
2026-03-31 12:43:41,372 [INFO] 🔌 多线程 XML-RPC 服务已在 8000 端口启动。
2026-03-31 12:43:41,372 [INFO] ------------------------------------------------------
2026-03-31 12:46:48,457 [INFO] ======================================================
2026-03-31 12:46:48,457 [INFO]   🚀 1ms 高频轮询驱动服务 - DAQ加速版
2026-03-31 12:46:48,458 [INFO] ======================================================
2026-03-31 12:46:48,460 [INFO] [内核提速] 已成功将 Windows 线程调度精度提至 1 毫秒！
2026-03-31 12:46:48,480 [INFO] [驱动加载] 滑台 DLL 驱动与内存指针映射成功。
2026-03-31 12:46:48,482 [INFO] 🔌 多线程 XML-RPC 服务已在 8000 端口启动。
2026-03-31 12:46:48,482 [INFO] ------------------------------------------------------
2026-03-31 12:47:52,361 [INFO] ======================================================
2026-03-31 12:47:52,361 [INFO]   🚀 1ms 高频轮询驱动服务 - DAQ加速版
2026-03-31 12:47:52,362 [INFO] ======================================================
2026-03-31 12:47:52,363 [INFO] [内核提速] 已成功将 Windows 线程调度精度提至 1 毫秒！
2026-03-31 12:47:52,383 [INFO] [驱动加载] 滑台 DLL 驱动与内存指针映射成功。
2026-03-31 12:47:52,385 [INFO] 🔌 多线程 XML-RPC 服务已在 8000 端口启动。
2026-03-31 12:47:52,385 [INFO] ------------------------------------------------------
2026-03-31 13:22:08,274 [INFO] ======================================================
2026-03-31 13:22:08,275 [INFO]   🚀 1ms 高频轮询驱动服务 - DAQ加速版
2026-03-31 13:22:08,275 [INFO] ======================================================
2026-03-31 13:22:08,276 [INFO] [内核提速] 已成功将 Windows 线程调度精度提至 1 毫秒！
2026-03-31 13:22:08,296 [INFO] [驱动加载] 滑台 DLL 驱动与内存指针映射成功。
2026-03-31 13:22:08,298 [INFO] 🔌 多线程 XML-RPC 服务已在 8000 端口启动。
2026-03-31 13:22:08,299 [INFO] ------------------------------------------------------
2026-03-31 13:36:10,066 [INFO] ======================================================
2026-03-31 13:36:10,066 [INFO]   🚀 1ms 高频轮询驱动服务 - DAQ加速版
2026-03-31 13:36:10,067 [INFO] ======================================================
2026-03-31 13:36:10,068 [INFO] [内核提速] 已成功将 Windows 线程调度精度提至 1 毫秒！
2026-03-31 13:36:10,091 [INFO] [驱动加载] 滑台 DLL 驱动与内存指针映射成功。
2026-03-31 13:36:10,093 [INFO] 🔌 多线程 XML-RPC 服务已在 8000 端口启动。
2026-03-31 13:36:10,093 [INFO] ------------------------------------------------------
2026-03-31 13:36:58,096 [INFO] ======================================================
2026-03-31 13:36:58,099 [INFO]   🚀 1ms 高频轮询驱动服务 - DAQ加速版
2026-03-31 13:36:58,100 [INFO] ======================================================
2026-03-31 13:36:58,101 [INFO] [内核提速] 已成功将 Windows 线程调度精度提至 1 毫秒！
2026-03-31 13:36:58,123 [INFO] [驱动加载] 滑台 DLL 驱动与内存指针映射成功。
2026-03-31 13:36:58,125 [INFO] 🔌 多线程 XML-RPC 服务已在 8000 端口启动。
2026-03-31 13:36:58,125 [INFO] ------------------------------------------------------
2026-03-31 17:17:45,372 [INFO] ======================================================
2026-03-31 17:17:45,373 [INFO]   🚀 1ms 高频轮询驱动服务 - DAQ加速版
2026-03-31 17:17:45,373 [INFO] ======================================================
2026-03-31 17:17:45,374 [INFO] [内核提速] 已成功将 Windows 线程调度精度提至 1 毫秒！
2026-03-31 17:17:45,438 [INFO] [驱动加载] 滑台 DLL 驱动与内存指针映射成功。
2026-03-31 17:17:45,440 [INFO] 🔌 多线程 XML-RPC 服务已在 8000 端口启动。
2026-03-31 17:17:45,440 [INFO] ------------------------------------------------------
2026-03-31 17:23:29,701 [WARNING] 急停锁死驱动器！
2026-03-31 18:31:20,369 [WARNING] 急停锁死驱动器！
2026-03-31 18:33:31,690 [WARNING] 急停锁死驱动器！
2026-03-31 18:35:14,110 [WARNING] 急停锁死驱动器！
2026-03-31 18:56:16,634 [WARNING] 急停锁死驱动器！
2026-03-31 19:01:39,685 [INFO] ======================================================
2026-03-31 19:01:39,685 [INFO]   🚀 1ms 高频轮询驱动服务 - DAQ加速版
2026-03-31 19:01:39,685 [INFO] ======================================================
2026-03-31 19:01:39,686 [INFO] [内核提速] 已成功将 Windows 线程调度精度提至 1 毫秒！
2026-03-31 19:01:39,751 [INFO] [驱动加载] 滑台 DLL 驱动与内存指针映射成功。
2026-03-31 19:01:39,752 [INFO] 🔌 多线程 XML-RPC 服务已在 8000 端口启动。
2026-03-31 19:01:39,753 [INFO] ------------------------------------------------------
2026-03-31 19:02:43,011 [INFO] ======================================================
2026-03-31 19:02:43,011 [INFO]   🚀 1ms 高频轮询驱动服务 - DAQ加速版
2026-03-31 19:02:43,011 [INFO] ======================================================
2026-03-31 19:02:43,012 [INFO] [内核提速] 已成功将 Windows 线程调度精度提至 1 毫秒！
2026-03-31 19:02:43,072 [INFO] [驱动加载] 滑台 DLL 驱动与内存指针映射成功。
2026-03-31 19:02:43,073 [INFO] 🔌 多线程 XML-RPC 服务已在 8000 端口启动。
2026-03-31 19:02:43,073 [INFO] ------------------------------------------------------
2026-03-31 19:03:01,389 [WARNING] 急停锁死驱动器！
2026-03-31 19:04:00,783 [WARNING] 急停锁死驱动器！
2026-03-31 19:04:02,117 [INFO] 机械位置已设为绝对空间原点 (0,0,0)
2026-03-31 19:04:20,672 [ERROR] [DAQ 采集故障] NI-DAQmx is unable to communicate with the device. Make sure the device is present in and accessible to the system, and is not currently being reset.

Task Name: _unnamedTask<0>

Status Code: -200324
2026-03-31 19:04:21,271 [ERROR] [DAQ 采集故障] Device cannot be accessed.  Possible causes:
Device is no longer present in the system.
Device is not powered.
Device is powered, but was temporarily without power.
Device and/or chassis driver support may have been removed.
Device is damaged.
Ensure the device is properly connected and turned on. Ensure the device and/or chassis is supported in the current version of the driver. Check the device's status in NI MAX. Turn the computer off and on again. If you suspect that the device is damaged, contact National Instruments at ni.com/support.

Device Specified: Dev1

Task Name: _unnamedTask<1>

Status Code: -201003
2026-03-31 19:04:27,964 [INFO] ======================================================
2026-03-31 19:04:27,965 [INFO]   🚀 1ms 高频轮询驱动服务 - DAQ加速版
2026-03-31 19:04:27,965 [INFO] ======================================================
2026-03-31 19:04:27,966 [INFO] [内核提速] 已成功将 Windows 线程调度精度提至 1 毫秒！
2026-03-31 19:04:27,991 [INFO] [驱动加载] 滑台 DLL 驱动与内存指针映射成功。
2026-03-31 19:04:27,992 [INFO] 🔌 多线程 XML-RPC 服务已在 8000 端口启动。
2026-03-31 19:04:27,992 [INFO] ------------------------------------------------------
2026-03-31 19:05:34,889 [WARNING] 急停锁死驱动器！
2026-03-31 19:20:25,235 [WARNING] 急停锁死驱动器！
2026-03-31 19:31:46,391 [WARNING] 急停锁死驱动器！
2026-03-31 19:45:51,033 [ERROR] [DAQ 采集故障] The specified resource is not available. The operation could not be completed as specified.

Task Name: _unnamedTask<0>

Status Code: -88708
2026-03-31 19:47:20,949 [INFO] ======================================================
2026-03-31 19:47:20,950 [INFO]   🚀 1ms 高频轮询驱动服务 - DAQ加速版
2026-03-31 19:47:20,950 [INFO] ======================================================
2026-03-31 19:47:20,951 [INFO] [内核提速] 已成功将 Windows 线程调度精度提至 1 毫秒！
2026-03-31 19:47:21,012 [INFO] [驱动加载] 滑台 DLL 驱动与内存指针映射成功。
2026-03-31 19:47:21,013 [INFO] 🔌 多线程 XML-RPC 服务已在 8000 端口启动。
2026-03-31 19:47:21,014 [INFO] ------------------------------------------------------
2026-03-31 19:47:46,521 [WARNING] 急停锁死驱动器！
2026-03-31 19:48:53,803 [INFO] ======================================================
2026-03-31 19:48:53,803 [INFO]   🚀 1ms 高频轮询驱动服务 - DAQ加速版
2026-03-31 19:48:53,804 [INFO] ======================================================
2026-03-31 19:48:53,805 [INFO] [内核提速] 已成功将 Windows 线程调度精度提至 1 毫秒！
2026-03-31 19:48:53,866 [INFO] [驱动加载] 滑台 DLL 驱动与内存指针映射成功。
2026-03-31 19:48:53,868 [INFO] 🔌 多线程 XML-RPC 服务已在 8000 端口启动。
2026-03-31 19:48:53,868 [INFO] ------------------------------------------------------
2026-03-31 19:49:36,676 [WARNING] 急停锁死驱动器！
2026-03-31 19:49:53,730 [INFO] 机械位置已设为绝对空间原点 (0,0,0)
2026-03-31 19:50:31,342 [WARNING] 急停锁死驱动器！
2026-03-31 19:50:45,236 [INFO] 机械位置已设为绝对空间原点 (0,0,0)
2026-03-31 19:53:53,465 [ERROR] [DAQ 采集故障] A USB transfer failed due to a transaction error reported by the USB host controller.  This may be due to a fault in the system's USB host controller, a USB cable, or a USB device.

Task Name: _unnamedTask<0>

Status Code: -50808
2026-03-31 19:53:54,319 [ERROR] [DAQ 采集故障] A USB transfer failed due to a transaction error reported by the USB host controller.  This may be due to a fault in the system's USB host controller, a USB cable, or a USB device.

Task Name: _unnamedTask<1>

Status Code: -50808
2026-03-31 19:55:42,397 [INFO] ======================================================
2026-03-31 19:55:42,398 [INFO]   🚀 1ms 高频轮询驱动服务 - DAQ加速版
2026-03-31 19:55:42,398 [INFO] ======================================================
2026-03-31 19:55:42,400 [INFO] [内核提速] 已成功将 Windows 线程调度精度提至 1 毫秒！
2026-03-31 19:55:42,460 [INFO] [驱动加载] 滑台 DLL 驱动与内存指针映射成功。
2026-03-31 19:55:42,462 [INFO] 🔌 多线程 XML-RPC 服务已在 8000 端口启动。
2026-03-31 19:55:42,462 [INFO] ------------------------------------------------------
2026-03-31 19:55:50,365 [ERROR] [DAQ 采集故障] A USB transfer failed due to a transaction error reported by the USB host controller.  This may be due to a fault in the system's USB host controller, a USB cable, or a USB device.

Task Name: _unnamedTask<0>

Status Code: -50808
2026-03-31 19:55:51,172 [ERROR] [DAQ 采集故障] A USB transfer failed due to a transaction error reported by the USB host controller.  This may be due to a fault in the system's USB host controller, a USB cable, or a USB device.

Task Name: _unnamedTask<1>

Status Code: -50808
2026-03-31 19:56:16,035 [INFO] ======================================================
2026-03-31 19:56:16,036 [INFO]   🚀 1ms 高频轮询驱动服务 - DAQ加速版
2026-03-31 19:56:16,036 [INFO] ======================================================
2026-03-31 19:56:16,037 [INFO] [内核提速] 已成功将 Windows 线程调度精度提至 1 毫秒！
2026-03-31 19:56:16,098 [INFO] [驱动加载] 滑台 DLL 驱动与内存指针映射成功。
2026-03-31 19:56:16,099 [INFO] 🔌 多线程 XML-RPC 服务已在 8000 端口启动。
2026-03-31 19:56:16,099 [INFO] ------------------------------------------------------
2026-03-31 19:59:29,669 [WARNING] 急停锁死驱动器！
2026-03-31 19:59:40,773 [WARNING] 急停锁死驱动器！
2026-03-31 19:59:49,719 [WARNING] 急停锁死驱动器！
2026-03-31 20:00:06,668 [INFO] 机械位置已设为绝对空间原点 (0,0,0)
2026-03-31 20:00:46,271 [WARNING] 急停锁死驱动器！
2026-03-31 20:01:34,217 [WARNING] 急停锁死驱动器！
2026-03-31 20:02:20,402 [WARNING] 急停锁死驱动器！
2026-03-31 20:03:14,922 [WARNING] 急停锁死驱动器！
2026-03-31 20:04:10,382 [WARNING] 急停锁死驱动器！
2026-03-31 20:05:18,661 [INFO] 机械位置已设为绝对空间原点 (0,0,0)
2026-03-31 20:05:56,495 [WARNING] 急停锁死驱动器！
2026-03-31 20:14:57,911 [WARNING] 急停锁死驱动器！
2026-03-31 20:50:30,474 [WARNING] 急停锁死驱动器！
2026-03-31 20:58:00,455 [WARNING] 急停锁死驱动器！
2026-03-31 20:58:02,614 [INFO] 机械位置已设为绝对空间原点 (0,0,0)
2026-03-31 21:00:14,773 [WARNING] 急停锁死驱动器！
2026-03-31 21:01:19,492 [INFO] 机械位置已设为绝对空间原点 (0,0,0)
2026-03-31 21:03:27,066 [WARNING] 急停锁死驱动器！
2026-03-31 21:03:29,399 [INFO] 机械位置已设为绝对空间原点 (0,0,0)
2026-03-31 21:04:34,969 [INFO] 机械位置已设为绝对空间原点 (0,0,0)
2026-03-31 21:05:48,524 [WARNING] 急停锁死驱动器！
2026-03-31 21:07:45,374 [INFO] 机械位置已设为绝对空间原点 (0,0,0)
2026-03-31 21:16:57,201 [WARNING] 急停锁死驱动器！
2026-03-31 21:17:23,428 [INFO] ======================================================
2026-03-31 21:17:23,428 [INFO]   🚀 1ms 高频轮询驱动服务 - DAQ加速版
2026-03-31 21:17:23,429 [INFO] ======================================================
2026-03-31 21:17:23,430 [INFO] [内核提速] 已成功将 Windows 线程调度精度提至 1 毫秒！
2026-03-31 21:17:23,491 [INFO] [驱动加载] 滑台 DLL 驱动与内存指针映射成功。
2026-03-31 21:17:23,493 [INFO] 🔌 多线程 XML-RPC 服务已在 8000 端口启动。
2026-03-31 21:17:23,493 [INFO] ------------------------------------------------------
2026-04-01 08:28:23,950 [INFO] ======================================================
2026-04-01 08:28:23,950 [INFO]   🚀 1ms 高频轮询驱动服务 - DAQ加速版
2026-04-01 08:28:23,951 [INFO] ======================================================
2026-04-01 08:28:23,952 [INFO] [内核提速] 已成功将 Windows 线程调度精度提至 1 毫秒！
2026-04-01 08:28:23,973 [INFO] [驱动加载] 滑台 DLL 驱动与内存指针映射成功。
2026-04-01 08:28:23,975 [INFO] 🔌 多线程 XML-RPC 服务已在 8000 端口启动。
2026-04-01 08:28:23,976 [INFO] ------------------------------------------------------
2026-04-01 08:31:07,680 [INFO] ======================================================
2026-04-01 08:31:07,681 [INFO]   🚀 1ms 高频轮询驱动服务 - DAQ加速版
2026-04-01 08:31:07,681 [INFO] ======================================================
2026-04-01 08:31:07,683 [INFO] [内核提速] 已成功将 Windows 线程调度精度提至 1 毫秒！
2026-04-01 08:31:07,703 [INFO] [驱动加载] 滑台 DLL 驱动与内存指针映射成功。
2026-04-01 08:31:07,706 [INFO] 🔌 多线程 XML-RPC 服务已在 8000 端口启动。
2026-04-01 08:31:07,708 [INFO] ------------------------------------------------------
2026-04-01 16:52:47,444 [INFO] ======================================================
2026-04-01 16:52:47,445 [INFO]   🚀 1ms 高频轮询驱动服务 - DAQ加速版
2026-04-01 16:52:47,445 [INFO] ======================================================
2026-04-01 16:52:47,446 [INFO] [内核提速] 已成功将 Windows 线程调度精度提至 1 毫秒！
2026-04-01 16:52:47,507 [INFO] [驱动加载] 滑台 DLL 驱动与内存指针映射成功。
2026-04-01 16:52:47,508 [INFO] 🔌 多线程 XML-RPC 服务已在 8000 端口启动。
2026-04-01 16:52:47,508 [INFO] ------------------------------------------------------
2026-04-01 16:54:00,007 [WARNING] 急停锁死驱动器！
2026-04-01 16:54:59,913 [WARNING] 急停锁死驱动器！
2026-04-01 16:55:06,319 [INFO] 机械位置已设为绝对空间原点 (0,0,0)
2026-04-01 16:56:23,698 [WARNING] 急停锁死驱动器！
2026-04-01 16:56:47,226 [INFO] 机械位置已设为绝对空间原点 (0,0,0)
2026-04-01 17:40:06,664 [WARNING] 急停锁死驱动器！
2026-04-01 17:42:47,319 [WARNING] 急停锁死驱动器！
2026-04-01 17:48:53,535 [WARNING] 急停锁死驱动器！
2026-04-01 17:49:28,049 [WARNING] 急停锁死驱动器！
2026-04-01 17:50:37,388 [WARNING] 急停锁死驱动器！
2026-04-01 17:51:06,194 [INFO] 机械位置已设为绝对空间原点 (0,0,0)
2026-04-01 17:52:49,391 [WARNING] 急停锁死驱动器！
2026-04-01 17:52:50,973 [INFO] 机械位置已设为绝对空间原点 (0,0,0)
2026-04-01 17:54:39,250 [WARNING] 急停锁死驱动器！
2026-04-01 17:54:40,832 [INFO] 机械位置已设为绝对空间原点 (0,0,0)
2026-04-01 17:56:04,444 [WARNING] 急停锁死驱动器！
2026-04-01 17:57:21,968 [WARNING] 急停锁死驱动器！
2026-04-01 17:58:09,670 [INFO] 机械位置已设为绝对空间原点 (0,0,0)
2026-04-01 17:59:34,972 [WARNING] 急停锁死驱动器！
2026-04-01 18:00:48,959 [WARNING] 急停锁死驱动器！
2026-04-01 18:00:56,027 [INFO] 机械位置已设为绝对空间原点 (0,0,0)
2026-04-01 18:01:27,497 [WARNING] 急停锁死驱动器！
2026-04-01 18:02:38,512 [WARNING] 急停锁死驱动器！
2026-04-01 18:03:57,242 [WARNING] 急停锁死驱动器！
2026-04-01 18:05:13,461 [WARNING] 急停锁死驱动器！
2026-04-01 18:06:27,641 [WARNING] 急停锁死驱动器！
2026-04-01 18:06:40,309 [INFO] 机械位置已设为绝对空间原点 (0,0,0)
2026-04-01 18:08:04,866 [WARNING] 急停锁死驱动器！
2026-04-01 18:09:43,867 [WARNING] 急停锁死驱动器！
2026-04-01 18:11:06,192 [WARNING] 急停锁死驱动器！
2026-04-01 18:12:57,017 [WARNING] 急停锁死驱动器！
2026-04-01 18:14:18,509 [WARNING] 急停锁死驱动器！
2026-04-01 18:15:41,568 [WARNING] 急停锁死驱动器！
2026-04-01 18:16:40,186 [WARNING] 急停锁死驱动器！
2026-04-01 18:16:43,223 [INFO] 机械位置已设为绝对空间原点 (0,0,0)
2026-04-01 18:17:33,234 [WARNING] 急停锁死驱动器！
2026-04-01 18:18:14,258 [INFO] 机械位置已设为绝对空间原点 (0,0,0)
2026-04-01 18:18:54,348 [WARNING] 急停锁死驱动器！
2026-04-01 18:19:42,644 [INFO] 机械位置已设为绝对空间原点 (0,0,0)
2026-04-01 18:25:22,855 [WARNING] 急停锁死驱动器！
2026-04-01 18:27:10,893 [INFO] ======================================================
2026-04-01 18:27:10,893 [INFO]   🚀 1ms 高频轮询驱动服务 - DAQ加速版
2026-04-01 18:27:10,893 [INFO] ======================================================
2026-04-01 18:27:10,895 [INFO] [内核提速] 已成功将 Windows 线程调度精度提至 1 毫秒！
2026-04-01 18:27:10,957 [INFO] [驱动加载] 滑台 DLL 驱动与内存指针映射成功。
2026-04-01 18:27:10,959 [INFO] 🔌 多线程 XML-RPC 服务已在 8000 端口启动。
2026-04-01 18:27:10,959 [INFO] ------------------------------------------------------
2026-04-01 18:28:32,031 [WARNING] 急停锁死驱动器！
2026-04-01 18:28:35,668 [INFO] 机械位置已设为绝对空间原点 (0,0,0)
2026-04-01 18:29:22,781 [INFO] 机械位置已设为绝对空间原点 (0,0,0)
2026-04-01 18:30:47,066 [WARNING] 急停锁死驱动器！
2026-04-01 18:30:54,836 [WARNING] 急停锁死驱动器！
2026-04-01 18:31:26,713 [INFO] 机械位置已设为绝对空间原点 (0,0,0)
2026-04-01 18:32:20,924 [WARNING] 急停锁死驱动器！
2026-04-01 18:33:36,301 [WARNING] 急停锁死驱动器！
2026-04-01 18:35:01,491 [WARNING] 急停锁死驱动器！
2026-04-01 18:35:03,423 [INFO] 机械位置已设为绝对空间原点 (0,0,0)
2026-04-01 18:35:43,168 [INFO] 机械位置已设为绝对空间原点 (0,0,0)
2026-04-01 18:36:27,067 [WARNING] 急停锁死驱动器！
2026-04-01 18:37:04,837 [WARNING] 急停锁死驱动器！
2026-04-01 18:37:23,515 [INFO] 机械位置已设为绝对空间原点 (0,0,0)
2026-04-01 18:37:49,646 [WARNING] 急停锁死驱动器！
2026-04-01 18:38:09,630 [WARNING] 急停锁死驱动器！
2026-04-01 18:38:59,608 [WARNING] 急停锁死驱动器！
2026-04-01 18:39:19,047 [INFO] 机械位置已设为绝对空间原点 (0,0,0)
2026-04-01 18:40:13,355 [WARNING] 急停锁死驱动器！
2026-04-01 18:40:32,401 [INFO] 机械位置已设为绝对空间原点 (0,0,0)
2026-04-01 18:47:19,431 [WARNING] 急停锁死驱动器！
2026-04-01 19:37:20,531 [ERROR] [DAQ 采集故障] The specified resource is not available. The operation could not be completed as specified.

Task Name: _unnamedTask<0>

Status Code: -88708
2026-04-01 19:41:44,936 [WARNING] 急停锁死驱动器！
2026-04-01 19:42:31,394 [WARNING] 急停锁死驱动器！
2026-04-01 19:42:41,345 [INFO] ======================================================
2026-04-01 19:42:41,346 [INFO]   🚀 1ms 高频轮询驱动服务 - DAQ加速版
2026-04-01 19:42:41,346 [INFO] ======================================================
2026-04-01 19:42:41,347 [INFO] [内核提速] 已成功将 Windows 线程调度精度提至 1 毫秒！
2026-04-01 19:42:41,408 [INFO] [驱动加载] 滑台 DLL 驱动与内存指针映射成功。
2026-04-01 19:42:41,409 [INFO] 🔌 多线程 XML-RPC 服务已在 8000 端口启动。
2026-04-01 19:42:41,409 [INFO] ------------------------------------------------------
2026-04-01 19:43:23,601 [ERROR] [DAQ 采集故障] The specified resource is not available. The operation could not be completed as specified.

Task Name: _unnamedTask<0>

Status Code: -88708
2026-04-01 19:43:55,297 [INFO] ======================================================
2026-04-01 19:43:55,298 [INFO]   🚀 1ms 高频轮询驱动服务 - DAQ加速版
2026-04-01 19:43:55,298 [INFO] ======================================================
2026-04-01 19:43:55,299 [INFO] [内核提速] 已成功将 Windows 线程调度精度提至 1 毫秒！
2026-04-01 19:43:55,324 [INFO] [驱动加载] 滑台 DLL 驱动与内存指针映射成功。
2026-04-01 19:43:55,326 [INFO] 🔌 多线程 XML-RPC 服务已在 8000 端口启动。
2026-04-01 19:43:55,326 [INFO] ------------------------------------------------------
2026-04-01 19:44:01,488 [ERROR] [DAQ 采集故障] NI-DAQmx is unable to communicate with the device. Make sure the device is present in and accessible to the system, and is not currently being reset.

Task Name: _unnamedTask<0>

Status Code: -200324
2026-04-01 19:44:24,172 [WARNING] 急停锁死驱动器！
2026-04-01 19:44:27,986 [INFO] ======================================================
2026-04-01 19:44:27,986 [INFO]   🚀 1ms 高频轮询驱动服务 - DAQ加速版
2026-04-01 19:44:27,987 [INFO] ======================================================
2026-04-01 19:44:27,987 [INFO] [内核提速] 已成功将 Windows 线程调度精度提至 1 毫秒！
2026-04-01 19:44:28,012 [INFO] [驱动加载] 滑台 DLL 驱动与内存指针映射成功。
2026-04-01 19:44:28,014 [INFO] 🔌 多线程 XML-RPC 服务已在 8000 端口启动。
2026-04-01 19:44:28,014 [INFO] ------------------------------------------------------
2026-04-01 19:45:00,291 [INFO] ======================================================
2026-04-01 19:45:00,291 [INFO]   🚀 1ms 高频轮询驱动服务 - DAQ加速版
2026-04-01 19:45:00,291 [INFO] ======================================================
2026-04-01 19:45:00,292 [INFO] [内核提速] 已成功将 Windows 线程调度精度提至 1 毫秒！
2026-04-01 19:45:00,311 [INFO] [驱动加载] 滑台 DLL 驱动与内存指针映射成功。
2026-04-01 19:45:00,312 [INFO] 🔌 多线程 XML-RPC 服务已在 8000 端口启动。
2026-04-01 19:45:00,312 [INFO] ------------------------------------------------------
2026-04-01 19:45:05,722 [ERROR] [DAQ 采集故障] NI-DAQmx is unable to communicate with the device. Make sure the device is present in and accessible to the system, and is not currently being reset.

Task Name: _unnamedTask<0>

Status Code: -200324
2026-04-01 19:45:17,526 [WARNING] 急停锁死驱动器！
2026-04-01 19:45:55,251 [INFO] ======================================================
2026-04-01 19:45:55,252 [INFO]   🚀 1ms 高频轮询驱动服务 - DAQ加速版
2026-04-01 19:45:55,252 [INFO] ======================================================
2026-04-01 19:45:55,254 [INFO] [内核提速] 已成功将 Windows 线程调度精度提至 1 毫秒！
2026-04-01 19:45:55,336 [INFO] [驱动加载] 滑台 DLL 驱动与内存指针映射成功。
2026-04-01 19:45:55,338 [INFO] 🔌 多线程 XML-RPC 服务已在 8000 端口启动。
2026-04-01 19:45:55,338 [INFO] ------------------------------------------------------
2026-04-01 21:18:06,856 [WARNING] 急停锁死驱动器！
2026-04-01 21:18:48,811 [INFO] 机械位置已设为绝对空间原点 (0,0,0)
2026-04-02 07:21:30,346 [INFO] ======================================================
2026-04-02 07:21:30,346 [INFO]   🚀 1ms 高频轮询驱动服务 - DAQ加速版
2026-04-02 07:21:30,347 [INFO] ======================================================
2026-04-02 07:21:30,349 [INFO] [内核提速] 已成功将 Windows 线程调度精度提至 1 毫秒！
2026-04-02 07:21:30,435 [INFO] [驱动加载] 滑台 DLL 驱动与内存指针映射成功。
2026-04-02 07:21:30,437 [INFO] 🔌 多线程 XML-RPC 服务已在 8000 端口启动。
2026-04-02 07:21:30,438 [INFO] ------------------------------------------------------
2026-04-02 07:22:02,106 [WARNING] 急停锁死驱动器！
2026-04-02 07:23:28,430 [INFO] 机械位置已设为绝对空间原点 (0,0,0)
2026-04-02 07:26:35,971 [WARNING] 急停锁死驱动器！
2026-04-02 07:27:53,346 [INFO] 机械位置已设为绝对空间原点 (0,0,0)
2026-04-02 07:33:39,590 [WARNING] 急停锁死驱动器！
2026-04-02 07:34:36,398 [INFO] 机械位置已设为绝对空间原点 (0,0,0)
2026-04-02 07:38:50,282 [INFO] 机械位置已设为绝对空间原点 (0,0,0)
2026-04-02 07:41:30,210 [WARNING] 急停锁死驱动器！
2026-04-02 07:41:48,912 [WARNING] 急停锁死驱动器！
2026-04-02 07:42:46,149 [INFO] 机械位置已设为绝对空间原点 (0,0,0)
2026-04-02 07:45:17,867 [WARNING] 急停锁死驱动器！
2026-04-02 07:49:10,312 [INFO] 机械位置已设为绝对空间原点 (0,0,0)
2026-04-02 07:51:15,538 [WARNING] 急停锁死驱动器！
2026-04-02 07:52:56,255 [WARNING] 急停锁死驱动器！
2026-04-02 07:54:15,180 [WARNING] 急停锁死驱动器！
2026-04-02 07:55:33,620 [WARNING] 急停锁死驱动器！
2026-04-02 07:57:38,999 [WARNING] 急停锁死驱动器！
2026-04-02 07:58:51,623 [WARNING] 急停锁死驱动器！
2026-04-02 07:59:16,134 [WARNING] 急停锁死驱动器！
2026-04-02 07:59:34,578 [INFO] 机械位置已设为绝对空间原点 (0,0,0)
2026-04-02 08:01:36,954 [INFO] 机械位置已设为绝对空间原点 (0,0,0)
2026-04-02 08:09:22,363 [INFO] 机械位置已设为绝对空间原点 (0,0,0)
2026-04-02 08:10:09,036 [WARNING] 急停锁死驱动器！
2026-04-02 08:10:37,394 [INFO] 机械位置已设为绝对空间原点 (0,0,0)
2026-04-02 08:20:19,771 [INFO] 机械位置已设为绝对空间原点 (0,0,0)
2026-04-02 08:29:36,511 [INFO] 机械位置已设为绝对空间原点 (0,0,0)
2026-04-02 08:29:50,020 [INFO] 机械位置已设为绝对空间原点 (0,0,0)
2026-04-02 08:40:59,697 [WARNING] 急停锁死驱动器！
2026-04-02 08:43:08,358 [WARNING] 急停锁死驱动器！
2026-04-02 08:50:01,769 [WARNING] 急停锁死驱动器！
2026-04-02 09:02:10,309 [WARNING] 急停锁死驱动器！
2026-04-02 09:28:38,298 [WARNING] 急停锁死驱动器！
2026-04-02 16:05:50,306 [INFO] ======================================================
2026-04-02 16:05:50,306 [INFO]   🚀 1ms 高频轮询驱动服务 - DAQ加速版
2026-04-02 16:05:50,307 [INFO] ======================================================
2026-04-02 16:05:50,309 [INFO] [内核提速] 已成功将 Windows 线程调度精度提至 1 毫秒！
2026-04-02 16:05:50,379 [INFO] [驱动加载] 滑台 DLL 驱动与内存指针映射成功。
2026-04-02 16:05:50,383 [INFO] 🔌 多线程 XML-RPC 服务已在 8000 端口启动。
2026-04-02 16:05:50,383 [INFO] ------------------------------------------------------
2026-04-02 16:06:43,497 [WARNING] 急停锁死驱动器！
2026-04-02 16:06:51,584 [INFO] 机械位置已设为绝对空间原点 (0,0,0)
2026-04-02 16:06:55,580 [INFO] 机械位置已设为绝对空间原点 (0,0,0)
2026-04-02 16:12:49,059 [WARNING] 急停锁死驱动器！
2026-04-02 16:26:33,738 [WARNING] 急停锁死驱动器！
2026-04-02 16:26:41,053 [WARNING] 急停锁死驱动器！
2026-04-02 16:26:42,439 [INFO] 机械位置已设为绝对空间原点 (0,0,0)
2026-04-02 16:35:53,700 [INFO] ======================================================
2026-04-02 16:35:53,700 [INFO]   🚀 1ms 高频轮询驱动服务 - DAQ加速版
2026-04-02 16:35:53,701 [INFO] ======================================================
2026-04-02 16:35:53,702 [INFO] [内核提速] 已成功将 Windows 线程调度精度提至 1 毫秒！
2026-04-02 16:35:53,782 [INFO] [驱动加载] 滑台 DLL 驱动与内存指针映射成功。
2026-04-02 16:35:53,786 [INFO] 🔌 多线程 XML-RPC 服务已在 8000 端口启动。
2026-04-02 16:35:53,786 [INFO] ------------------------------------------------------
2026-04-02 16:36:11,301 [INFO] ======================================================
2026-04-02 16:36:11,301 [INFO]   🚀 1ms 高频轮询驱动服务 - DAQ加速版
2026-04-02 16:36:11,301 [INFO] ======================================================
2026-04-02 16:36:11,302 [INFO] [内核提速] 已成功将 Windows 线程调度精度提至 1 毫秒！
2026-04-02 16:36:11,366 [INFO] [驱动加载] 滑台 DLL 驱动与内存指针映射成功。
2026-04-02 16:36:11,368 [INFO] 🔌 多线程 XML-RPC 服务已在 8000 端口启动。
2026-04-02 16:36:11,368 [INFO] ------------------------------------------------------
2026-04-02 16:36:18,977 [WARNING] 急停锁死驱动器！
2026-04-02 16:37:06,512 [INFO] ======================================================
2026-04-02 16:37:06,513 [INFO]   🚀 1ms 高频轮询驱动服务 - DAQ加速版
2026-04-02 16:37:06,514 [INFO] ======================================================
2026-04-02 16:37:06,516 [INFO] [内核提速] 已成功将 Windows 线程调度精度提至 1 毫秒！
2026-04-02 16:37:06,598 [INFO] [驱动加载] 滑台 DLL 驱动与内存指针映射成功。
2026-04-02 16:37:06,600 [INFO] 🔌 多线程 XML-RPC 服务已在 8000 端口启动。
2026-04-02 16:37:06,600 [INFO] ------------------------------------------------------
2026-04-02 16:37:20,893 [WARNING] 急停锁死驱动器！
2026-04-02 16:38:25,301 [INFO] ======================================================
2026-04-02 16:38:25,301 [INFO]   🚀 1ms 高频轮询驱动服务 - DAQ加速版
2026-04-02 16:38:25,301 [INFO] ======================================================
2026-04-02 16:38:25,302 [INFO] [内核提速] 已成功将 Windows 线程调度精度提至 1 毫秒！
2026-04-02 16:38:25,320 [INFO] [驱动加载] 滑台 DLL 驱动与内存指针映射成功。
2026-04-02 16:38:25,322 [INFO] 🔌 多线程 XML-RPC 服务已在 8000 端口启动。
2026-04-02 16:38:25,322 [INFO] ------------------------------------------------------
2026-04-02 16:38:51,708 [INFO] ======================================================
2026-04-02 16:38:51,709 [INFO]   🚀 1ms 高频轮询驱动服务 - DAQ加速版
2026-04-02 16:38:51,710 [INFO] ======================================================
2026-04-02 16:38:51,712 [INFO] [内核提速] 已成功将 Windows 线程调度精度提至 1 毫秒！
2026-04-02 16:38:51,780 [INFO] [驱动加载] 滑台 DLL 驱动与内存指针映射成功。
2026-04-02 16:38:51,786 [INFO] 🔌 多线程 XML-RPC 服务已在 8000 端口启动。
2026-04-02 16:38:51,786 [INFO] ------------------------------------------------------
2026-04-02 16:38:58,045 [INFO] 机械位置已设为绝对空间原点 (0,0,0)
2026-04-02 16:39:59,784 [WARNING] 急停锁死驱动器！
2026-04-02 16:40:27,919 [INFO] 机械位置已设为绝对空间原点 (0,0,0)
2026-04-02 16:41:12,764 [WARNING] 急停锁死驱动器！
2026-04-02 16:45:18,407 [INFO] ======================================================
2026-04-02 16:45:18,407 [INFO]   🚀 1ms 高频轮询驱动服务 - DAQ加速版
2026-04-02 16:45:18,408 [INFO] ======================================================
2026-04-02 16:45:18,409 [INFO] [内核提速] 已成功将 Windows 线程调度精度提至 1 毫秒！
2026-04-02 16:45:18,476 [INFO] [驱动加载] 滑台 DLL 驱动与内存指针映射成功。
2026-04-02 16:45:18,478 [INFO] 🔌 多线程 XML-RPC 服务已在 8000 端口启动。
2026-04-02 16:45:18,478 [INFO] ------------------------------------------------------
2026-04-02 16:45:24,300 [INFO] 机械位置已设为绝对空间原点 (0,0,0)
2026-04-02 16:47:00,014 [WARNING] 急停锁死驱动器！
2026-04-02 16:47:39,136 [INFO] 机械位置已设为绝对空间原点 (0,0,0)
2026-04-02 16:58:00,496 [WARNING] 急停锁死驱动器！
2026-04-02 16:59:23,837 [INFO] 机械位置已设为绝对空间原点 (0,0,0)
2026-04-02 17:08:42,634 [WARNING] 急停锁死驱动器！
2026-04-02 17:17:04,120 [WARNING] 急停锁死驱动器！
2026-04-02 17:18:00,157 [INFO] 机械位置已设为绝对空间原点 (0,0,0)
2026-04-02 18:20:58,320 [WARNING] 急停锁死驱动器！
2026-04-02 18:29:54,806 [WARNING] 急停锁死驱动器！
2026-04-02 19:24:06,089 [ERROR] [DAQ 采集故障] The specified resource is not available. The operation could not be completed as specified.

Task Name: _unnamedTask<0>

Status Code: -88708
2026-04-02 19:31:01,584 [WARNING] 急停锁死驱动器！
2026-04-02 19:33:07,857 [INFO] ======================================================
2026-04-02 19:33:07,857 [INFO]   🚀 1ms 高频轮询驱动服务 - DAQ加速版
2026-04-02 19:33:07,857 [INFO] ======================================================
2026-04-02 19:33:07,858 [INFO] [内核提速] 已成功将 Windows 线程调度精度提至 1 毫秒！
2026-04-02 19:33:07,941 [INFO] [驱动加载] 滑台 DLL 驱动与内存指针映射成功。
2026-04-02 19:33:07,943 [INFO] 🔌 多线程 XML-RPC 服务已在 8000 端口启动。
2026-04-02 19:33:07,943 [INFO] ------------------------------------------------------
2026-04-02 21:30:52,246 [INFO] ======================================================
2026-04-02 21:30:52,246 [INFO]   🚀 1ms 高频轮询驱动服务 - DAQ加速版
2026-04-02 21:30:52,246 [INFO] ======================================================
2026-04-02 21:30:52,248 [INFO] [内核提速] 已成功将 Windows 线程调度精度提至 1 毫秒！
2026-04-02 21:30:52,266 [INFO] [驱动加载] 滑台 DLL 驱动与内存指针映射成功。
2026-04-02 21:30:52,268 [INFO] 🔌 多线程 XML-RPC 服务已在 8000 端口启动。
2026-04-02 21:30:52,268 [INFO] ------------------------------------------------------
2026-04-03 08:17:04,750 [INFO] ======================================================
2026-04-03 08:17:04,751 [INFO]   🚀 1ms 高频轮询驱动服务 - DAQ加速版
2026-04-03 08:17:04,751 [INFO] ======================================================
2026-04-03 08:17:04,752 [INFO] [内核提速] 已成功将 Windows 线程调度精度提至 1 毫秒！
2026-04-03 08:17:04,835 [INFO] [驱动加载] 滑台 DLL 驱动与内存指针映射成功。
2026-04-03 08:17:04,837 [INFO] 🔌 多线程 XML-RPC 服务已在 8000 端口启动。
2026-04-03 08:17:04,837 [INFO] ------------------------------------------------------
2026-04-03 08:18:55,023 [WARNING] 急停锁死驱动器！
2026-04-03 08:19:08,605 [INFO] 机械位置已设为绝对空间原点 (0,0,0)
2026-04-03 08:19:08,800 [INFO] 机械位置已设为绝对空间原点 (0,0,0)
2026-04-03 08:19:08,988 [INFO] 机械位置已设为绝对空间原点 (0,0,0)
2026-04-03 08:19:09,168 [INFO] 机械位置已设为绝对空间原点 (0,0,0)
2026-04-03 08:19:09,390 [INFO] 机械位置已设为绝对空间原点 (0,0,0)
2026-04-03 08:19:32,718 [INFO] ======================================================
2026-04-03 08:19:32,718 [INFO]   🚀 1ms 高频轮询驱动服务 - DAQ加速版
2026-04-03 08:19:32,718 [INFO] ======================================================
2026-04-03 08:19:32,719 [INFO] [内核提速] 已成功将 Windows 线程调度精度提至 1 毫秒！
2026-04-03 08:19:32,803 [INFO] [驱动加载] 滑台 DLL 驱动与内存指针映射成功。
2026-04-03 08:19:32,804 [INFO] 🔌 多线程 XML-RPC 服务已在 8000 端口启动。
2026-04-03 08:19:32,804 [INFO] ------------------------------------------------------
2026-04-03 08:58:19,086 [WARNING] 急停锁死驱动器！
2026-04-03 13:05:24,343 [WARNING] 急停锁死驱动器！
2026-04-03 13:05:46,846 [WARNING] 急停锁死驱动器！
2026-04-03 13:06:25,937 [INFO] 机械位置已设为绝对空间原点 (0,0,0)
2026-04-03 13:50:27,095 [INFO] ======================================================
2026-04-03 13:50:27,095 [INFO]   🚀 1ms 高频轮询驱动服务 - DAQ加速版
2026-04-03 13:50:27,096 [INFO] ======================================================
2026-04-03 13:50:27,097 [INFO] [内核提速] 已成功将 Windows 线程调度精度提至 1 毫秒！
2026-04-03 13:50:27,189 [INFO] [驱动加载] 滑台 DLL 驱动与内存指针映射成功。
2026-04-03 13:50:27,191 [INFO] 🔌 多线程 XML-RPC 服务已在 8000 端口启动。
2026-04-03 13:50:27,191 [INFO] ------------------------------------------------------
2026-04-03 17:55:23,313 [WARNING] 急停锁死驱动器！
2026-04-04 08:50:58,175 [INFO] ======================================================
2026-04-04 08:50:58,175 [INFO]   🚀 1ms 高频轮询驱动服务 - DAQ加速版
2026-04-04 08:50:58,175 [INFO] ======================================================
2026-04-04 08:50:58,177 [INFO] [内核提速] 已成功将 Windows 线程调度精度提至 1 毫秒！
2026-04-04 08:50:58,200 [INFO] [驱动加载] 滑台 DLL 驱动与内存指针映射成功。
2026-04-04 08:50:58,202 [INFO] 🔌 多线程 XML-RPC 服务已在 8000 端口启动。
2026-04-04 08:50:58,202 [INFO] ------------------------------------------------------
2026-04-04 08:51:33,752 [ERROR] [DAQ 采集故障] Device cannot be accessed.  Possible causes:
Device is no longer present in the system.
Device is not powered.
Device is powered, but was temporarily without power.
Device and/or chassis driver support may have been removed.
Device is damaged.
Ensure the device is properly connected and turned on. Ensure the device and/or chassis is supported in the current version of the driver. Check the device's status in NI MAX. Turn the computer off and on again. If you suspect that the device is damaged, contact National Instruments at ni.com/support.

Device Specified: Dev1

Task Name: _unnamedTask<0>

Status Code: -201003
2026-04-04 08:51:34,358 [ERROR] [DAQ 采集故障] Device cannot be accessed.  Possible causes:
Device is no longer present in the system.
Device is not powered.
Device is powered, but was temporarily without power.
Device and/or chassis driver support may have been removed.
Device is damaged.
Ensure the device is properly connected and turned on. Ensure the device and/or chassis is supported in the current version of the driver. Check the device's status in NI MAX. Turn the computer off and on again. If you suspect that the device is damaged, contact National Instruments at ni.com/support.

Device Specified: Dev1

Task Name: _unnamedTask<1>

Status Code: -201003
2026-04-04 08:51:51,625 [INFO] ======================================================
2026-04-04 08:51:51,625 [INFO]   🚀 1ms 高频轮询驱动服务 - DAQ加速版
2026-04-04 08:51:51,626 [INFO] ======================================================
2026-04-04 08:51:51,628 [INFO] [内核提速] 已成功将 Windows 线程调度精度提至 1 毫秒！
2026-04-04 08:51:51,646 [INFO] [驱动加载] 滑台 DLL 驱动与内存指针映射成功。
2026-04-04 08:51:51,648 [INFO] 🔌 多线程 XML-RPC 服务已在 8000 端口启动。
2026-04-04 08:51:51,649 [INFO] ------------------------------------------------------
2026-04-04 08:52:16,470 [WARNING] 急停锁死驱动器！
2026-04-04 08:52:23,655 [INFO] ======================================================
2026-04-04 08:52:23,655 [INFO]   🚀 1ms 高频轮询驱动服务 - DAQ加速版
2026-04-04 08:52:23,655 [INFO] ======================================================
2026-04-04 08:52:23,657 [INFO] [内核提速] 已成功将 Windows 线程调度精度提至 1 毫秒！
2026-04-04 08:52:23,744 [INFO] [驱动加载] 滑台 DLL 驱动与内存指针映射成功。
2026-04-04 08:52:23,746 [INFO] 🔌 多线程 XML-RPC 服务已在 8000 端口启动。
2026-04-04 08:52:23,748 [INFO] ------------------------------------------------------
2026-04-04 09:26:19,913 [WARNING] 急停锁死驱动器！
2026-04-04 09:26:42,510 [WARNING] 急停锁死驱动器！
2026-04-04 09:27:24,729 [INFO] 机械位置已设为绝对空间原点 (0,0,0)
2026-04-04 09:50:16,803 [WARNING] 急停锁死驱动器！
2026-04-04 09:50:46,121 [INFO] ======================================================
2026-04-04 09:50:46,121 [INFO]   🚀 1ms 高频轮询驱动服务 - DAQ加速版
2026-04-04 09:50:46,122 [INFO] ======================================================
2026-04-04 09:50:46,123 [INFO] [内核提速] 已成功将 Windows 线程调度精度提至 1 毫秒！
2026-04-04 09:50:46,211 [INFO] [驱动加载] 滑台 DLL 驱动与内存指针映射成功。
2026-04-04 09:50:46,213 [INFO] 🔌 多线程 XML-RPC 服务已在 8000 端口启动。
2026-04-04 09:50:46,214 [INFO] ------------------------------------------------------
2026-04-04 10:25:04,590 [INFO] ======================================================
2026-04-04 10:25:04,590 [INFO]   🚀 1ms 高频轮询驱动服务 - DAQ加速版
2026-04-04 10:25:04,591 [INFO] ======================================================
2026-04-04 10:25:04,592 [INFO] [内核提速] 已成功将 Windows 线程调度精度提至 1 毫秒！
2026-04-04 10:25:04,683 [INFO] [驱动加载] 滑台 DLL 驱动与内存指针映射成功。
2026-04-04 10:25:04,685 [INFO] 🔌 多线程 XML-RPC 服务已在 8000 端口启动。
2026-04-04 10:25:04,685 [INFO] ------------------------------------------------------
2026-04-04 11:17:16,212 [INFO] ======================================================
2026-04-04 11:17:16,213 [INFO]   🚀 1ms 高频轮询驱动服务 - DAQ加速版
2026-04-04 11:17:16,213 [INFO] ======================================================
2026-04-04 11:17:16,215 [INFO] [内核提速] 已成功将 Windows 线程调度精度提至 1 毫秒！
2026-04-04 11:17:16,308 [INFO] [驱动加载] 滑台 DLL 驱动与内存指针映射成功。
2026-04-04 11:17:16,310 [INFO] 🔌 多线程 XML-RPC 服务已在 8000 端口启动。
2026-04-04 11:17:16,312 [INFO] ------------------------------------------------------
2026-04-04 11:53:47,958 [WARNING] 急停锁死驱动器！
